# JRE version: Java(TM) SE Runtime Environment (17.0.1+12) (build 17.0.1+12-LTS-39)
# Java VM: Java HotSpot(TM) 64-Bit Server VM (17.0.1+12-LTS-39, mixed mode, sharing, tiered, compressed oops, compressed class ptrs, g1 gc, linux-amd64)
GC Precious Log:
 CPUs: 12 total, 12 available
 Memory: 15835M
 Large Page Support: Disabled
 NUMA Support: Disabled
 Compressed Oops: Enabled (Zero based)
 Heap Region Size: 2M
 Heap Min Capacity: 8M
 Heap Initial Capacity: 248M
 Heap Max Capacity: 3960M
 Pre-touch: Disabled
 Parallel Workers: 10
 Concurrent Workers: 3
 Concurrent Refinement Workers: 10
 Periodic GC: Disabled
Heap:
 garbage-first heap   total 122880K, used 92838K [0x0000000708800000, 0x0000000800000000)
  region size 2048K, 32 young (65536K), 4 survivors (8192K)
 Metaspace       used 66559K, committed 67008K, reserved 1114112K
  class space    used 8839K, committed 9088K, reserved 1048576K
GC Heap History (20 events):
Event: 2,238 GC heap before
{Heap before GC invocations=6 (full 0):
 garbage-first heap   total 75776K, used 18912K [0x0000000708800000, 0x0000000800000000)
  region size 2048K, 6 young (12288K), 5 survivors (10240K)
 Metaspace       used 26291K, committed 26560K, reserved 1073152K
  class space    used 3451K, committed 3584K, reserved 1048576K
}
Event: 2,244 GC heap after
{Heap after GC invocations=7 (full 0):
 garbage-first heap   total 75776K, used 19313K [0x0000000708800000, 0x0000000800000000)
  region size 2048K, 1 young (2048K), 1 survivors (2048K)
 Metaspace       used 26291K, committed 26560K, reserved 1073152K
  class space    used 3451K, committed 3584K, reserved 1048576K
}
Event: 2,277 GC heap before
{Heap before GC invocations=7 (full 0):
 garbage-first heap   total 75776K, used 50033K [0x0000000708800000, 0x0000000800000000)
  region size 2048K, 17 young (34816K), 1 survivors (2048K)
 Metaspace       used 26907K, committed 27072K, reserved 1073152K
  class space    used 3510K, committed 3584K, reserved 1048576K
}
Event: 2,278 GC heap after
{Heap after GC invocations=8 (full 0):
 garbage-first heap   total 75776K, used 18619K [0x0000000708800000, 0x0000000800000000)
  region size 2048K, 1 young (2048K), 1 survivors (2048K)
 Metaspace       used 26907K, committed 27072K, reserved 1073152K
  class space    used 3510K, committed 3584K, reserved 1048576K
}
Event: 2,689 GC heap before
{Heap before GC invocations=8 (full 0):
 garbage-first heap   total 75776K, used 53435K [0x0000000708800000, 0x0000000800000000)
  region size 2048K, 18 young (36864K), 1 survivors (2048K)
 Metaspace       used 30321K, committed 30592K, reserved 1081344K
  class space    used 3932K, committed 4032K, reserved 1048576K
}
Event: 2,693 GC heap after
{Heap after GC invocations=9 (full 0):
 garbage-first heap   total 204800K, used 20681K [0x0000000708800000, 0x0000000800000000)
  region size 2048K, 2 young (4096K), 2 survivors (4096K)
 Metaspace       used 30321K, committed 30592K, reserved 1081344K
  class space    used 3932K, committed 4032K, reserved 1048576K
}
Event: 3,290 GC heap before
{Heap before GC invocations=9 (full 0):
 garbage-first heap   total 204800K, used 69833K [0x0000000708800000, 0x0000000800000000)
  region size 2048K, 27 young (55296K), 2 survivors (4096K)
 Metaspace       used 35821K, committed 36096K, reserved 1081344K
  class space    used 4708K, committed 4864K, reserved 1048576K
}
Event: 3,296 GC heap after
{Heap after GC invocations=10 (full 0):
 garbage-first heap   total 204800K, used 24912K [0x0000000708800000, 0x0000000800000000)
  region size 2048K, 4 young (8192K), 4 survivors (8192K)
 Metaspace       used 35821K, committed 36096K, reserved 1081344K
  class space    used 4708K, committed 4864K, reserved 1048576K
}
Event: 3,443 GC heap before
{Heap before GC invocations=11 (full 0):
 garbage-first heap   total 102400K, used 80208K [0x0000000708800000, 0x0000000800000000)
  region size 2048K, 33 young (67584K), 4 survivors (8192K)
 Metaspace       used 38271K, committed 38592K, reserved 1089536K
  class space    used 4969K, committed 5120K, reserved 1048576K
}
Event: 3,448 GC heap after
{Heap after GC invocations=12 (full 0):
 garbage-first heap   total 102400K, used 26709K [0x0000000708800000, 0x0000000800000000)
  region size 2048K, 5 young (10240K), 5 survivors (10240K)
 Metaspace       used 38271K, committed 38592K, reserved 1089536K
  class space    used 4969K, committed 5120K, reserved 1048576K
}
Event: 3,751 GC heap before
{Heap before GC invocations=12 (full 0):
 garbage-first heap   total 102400K, used 73813K [0x0000000708800000, 0x0000000800000000)
  region size 2048K, 29 young (59392K), 5 survivors (10240K)
 Metaspace       used 42264K, committed 42624K, reserved 1089536K
  class space    used 5525K, committed 5696K, reserved 1048576K
}
Event: 3,755 GC heap after
{Heap after GC invocations=13 (full 0):
 garbage-first heap   total 102400K, used 28324K [0x0000000708800000, 0x0000000800000000)
  region size 2048K, 2 young (4096K), 2 survivors (4096K)
 Metaspace       used 42264K, committed 42624K, reserved 1089536K
  class space    used 5525K, committed 5696K, reserved 1048576K
}
Event: 4,224 GC heap before
{Heap before GC invocations=13 (full 0):
 garbage-first heap   total 102400K, used 77476K [0x0000000708800000, 0x0000000800000000)
  region size 2048K, 26 young (53248K), 2 survivors (4096K)
 Metaspace       used 53507K, committed 53888K, reserved 1097728K
  class space    used 7055K, committed 7232K, reserved 1048576K
}
Event: 4,230 GC heap after
{Heap after GC invocations=14 (full 0):
 garbage-first heap   total 102400K, used 30367K [0x0000000708800000, 0x0000000800000000)
  region size 2048K, 3 young (6144K), 3 survivors (6144K)
 Metaspace       used 53507K, committed 53888K, reserved 1097728K
  class space    used 7055K, committed 7232K, reserved 1048576K
}
Event: 4,616 GC heap before
{Heap before GC invocations=14 (full 0):
 garbage-first heap   total 102400K, used 69279K [0x0000000708800000, 0x0000000800000000)
  region size 2048K, 23 young (47104K), 3 survivors (6144K)
 Metaspace       used 59977K, committed 60288K, reserved 1105920K
  class space    used 7997K, committed 8128K, reserved 1048576K
}
Event: 4,620 GC heap after
{Heap after GC invocations=15 (full 0):
 garbage-first heap   total 102400K, used 32539K [0x0000000708800000, 0x0000000800000000)
  region size 2048K, 3 young (6144K), 3 survivors (6144K)
 Metaspace       used 59977K, committed 60288K, reserved 1105920K
  class space    used 7997K, committed 8128K, reserved 1048576K
}
Event: 4,934 GC heap before
{Heap before GC invocations=16 (full 0):
 garbage-first heap   total 102400K, used 77595K [0x0000000708800000, 0x0000000800000000)
  region size 2048K, 25 young (51200K), 3 survivors (6144K)
 Metaspace       used 62443K, committed 62848K, reserved 1105920K
  class space    used 8385K, committed 8576K, reserved 1048576K
}
Event: 4,938 GC heap after
{Heap after GC invocations=17 (full 0):
 garbage-first heap   total 102400K, used 34594K [0x0000000708800000, 0x0000000800000000)
  region size 2048K, 3 young (6144K), 3 survivors (6144K)
 Metaspace       used 62443K, committed 62848K, reserved 1105920K
  class space    used 8385K, committed 8576K, reserved 1048576K
}
Event: 5,212 GC heap before
{Heap before GC invocations=17 (full 0):
 garbage-first heap   total 102400K, used 79650K [0x0000000708800000, 0x0000000800000000)
  region size 2048K, 25 young (51200K), 3 survivors (6144K)
 Metaspace       used 64372K, committed 64768K, reserved 1105920K
  class space    used 8590K, committed 8768K, reserved 1048576K
}
Event: 5,216 GC heap after
{Heap after GC invocations=18 (full 0):
 garbage-first heap   total 122880K, used 37542K [0x0000000708800000, 0x0000000800000000)
  region size 2048K, 4 young (8192K), 4 survivors (8192K)
 Metaspace       used 64372K, committed 64768K, reserved 1105920K
  class space    used 8590K, committed 8768K, reserved 1048576K
}

