# JRE version: Java(TM) SE Runtime Environment (17.0.1+12) (build 17.0.1+12-LTS-39)
# Java VM: Java HotSpot(TM) 64-Bit Server VM (17.0.1+12-LTS-39, mixed mode, sharing, tiered, compressed oops, compressed class ptrs, g1 gc, linux-amd64)
GC Precious Log:
 CPUs: 12 total, 12 available
 Memory: 15835M
 Large Page Support: Disabled
 NUMA Support: Disabled
 Compressed Oops: Enabled (Zero based)
 Heap Region Size: 2M
 Heap Min Capacity: 8M
 Heap Initial Capacity: 248M
 Heap Max Capacity: 3960M
 Pre-touch: Disabled
 Parallel Workers: 10
 Concurrent Workers: 3
 Concurrent Refinement Workers: 10
 Periodic GC: Disabled
Heap:
 garbage-first heap   total 215040K, used 41126K [0x0000000708800000, 0x0000000800000000)
  region size 2048K, 13 young (26624K), 2 survivors (4096K)
 Metaspace       used 32987K, committed 33280K, reserved 1081344K
  class space    used 4283K, committed 4416K, reserved 1048576K
GC Heap History (16 events):
Event: 0,234 GC heap before
{Heap before GC invocations=0 (full 0):
 garbage-first heap   total 258048K, used 22500K [0x0000000708800000, 0x0000000800000000)
  region size 2048K, 11 young (22528K), 0 survivors (0K)
 Metaspace       used 1992K, committed 2112K, reserved 1056768K
  class space    used 172K, committed 256K, reserved 1048576K
}
Event: 0,237 GC heap after
{Heap after GC invocations=1 (full 0):
 garbage-first heap   total 258048K, used 10158K [0x0000000708800000, 0x0000000800000000)
  region size 2048K, 2 young (4096K), 2 survivors (4096K)
 Metaspace       used 1992K, committed 2112K, reserved 1056768K
  class space    used 172K, committed 256K, reserved 1048576K
}
Event: 0,600 GC heap before
{Heap before GC invocations=1 (full 0):
 garbage-first heap   total 258048K, used 30638K [0x0000000708800000, 0x0000000800000000)
  region size 2048K, 12 young (24576K), 2 survivors (4096K)
 Metaspace       used 7121K, committed 7296K, reserved 1056768K
  class space    used 903K, committed 1024K, reserved 1048576K
}
Event: 0,602 GC heap after
{Heap after GC invocations=2 (full 0):
 garbage-first heap   total 258048K, used 10997K [0x0000000708800000, 0x0000000800000000)
  region size 2048K, 1 young (2048K), 1 survivors (2048K)
 Metaspace       used 7121K, committed 7296K, reserved 1056768K
  class space    used 903K, committed 1024K, reserved 1048576K
}
Event: 1,202 GC heap before
{Heap before GC invocations=2 (full 0):
 garbage-first heap   total 258048K, used 84725K [0x0000000708800000, 0x0000000800000000)
  region size 2048K, 37 young (75776K), 1 survivors (2048K)
 Metaspace       used 20909K, committed 21184K, reserved 1073152K
  class space    used 2760K, committed 2880K, reserved 1048576K
}
Event: 1,207 GC heap after
{Heap after GC invocations=3 (full 0):
 garbage-first heap   total 258048K, used 16113K [0x0000000708800000, 0x0000000800000000)
  region size 2048K, 4 young (8192K), 4 survivors (8192K)
 Metaspace       used 20909K, committed 21184K, reserved 1073152K
  class space    used 2760K, committed 2880K, reserved 1048576K
}
Event: 1,220 GC heap before
{Heap before GC invocations=3 (full 0):
 garbage-first heap   total 258048K, used 16113K [0x0000000708800000, 0x0000000800000000)
  region size 2048K, 5 young (10240K), 4 survivors (8192K)
 Metaspace       used 21276K, committed 21504K, reserved 1073152K
  class space    used 2806K, committed 2944K, reserved 1048576K
}
Event: 1,224 GC heap after
{Heap after GC invocations=4 (full 0):
 garbage-first heap   total 258048K, used 16678K [0x0000000708800000, 0x0000000800000000)
  region size 2048K, 4 young (8192K), 4 survivors (8192K)
 Metaspace       used 21276K, committed 21504K, reserved 1073152K
  class space    used 2806K, committed 2944K, reserved 1048576K
}
Event: 1,459 GC heap before
{Heap before GC invocations=5 (full 0):
 garbage-first heap   total 75776K, used 53542K [0x0000000708800000, 0x0000000800000000)
  region size 2048K, 23 young (47104K), 4 survivors (8192K)
 Metaspace       used 26327K, committed 26624K, reserved 1073152K
  class space    used 3449K, committed 3584K, reserved 1048576K
}
Event: 1,464 GC heap after
{Heap after GC invocations=6 (full 0):
 garbage-first heap   total 75776K, used 18887K [0x0000000708800000, 0x0000000800000000)
  region size 2048K, 5 young (10240K), 5 survivors (10240K)
 Metaspace       used 26327K, committed 26624K, reserved 1073152K
  class space    used 3449K, committed 3584K, reserved 1048576K
}
Event: 1,465 GC heap before
{Heap before GC invocations=6 (full 0):
 garbage-first heap   total 75776K, used 20935K [0x0000000708800000, 0x0000000800000000)
  region size 2048K, 6 young (12288K), 5 survivors (10240K)
 Metaspace       used 26327K, committed 26624K, reserved 1073152K
  class space    used 3449K, committed 3584K, reserved 1048576K
}
Event: 1,472 GC heap after
{Heap after GC invocations=7 (full 0):
 garbage-first heap   total 75776K, used 19334K [0x0000000708800000, 0x0000000800000000)
  region size 2048K, 1 young (2048K), 1 survivors (2048K)
 Metaspace       used 26327K, committed 26624K, reserved 1073152K
  class space    used 3449K, committed 3584K, reserved 1048576K
}
Event: 1,479 GC heap before
{Heap before GC invocations=7 (full 0):
 garbage-first heap   total 75776K, used 50054K [0x0000000708800000, 0x0000000800000000)
  region size 2048K, 17 young (34816K), 1 survivors (2048K)
 Metaspace       used 26433K, committed 26752K, reserved 1073152K
  class space    used 3458K, committed 3584K, reserved 1048576K
}
Event: 1,480 GC heap after
{Heap after GC invocations=8 (full 0):
 garbage-first heap   total 75776K, used 18567K [0x0000000708800000, 0x0000000800000000)
  region size 2048K, 1 young (2048K), 1 survivors (2048K)
 Metaspace       used 26433K, committed 26752K, reserved 1073152K
  class space    used 3458K, committed 3584K, reserved 1048576K
}
Event: 1,797 GC heap before
{Heap before GC invocations=8 (full 0):
 garbage-first heap   total 75776K, used 51335K [0x0000000708800000, 0x0000000800000000)
  region size 2048K, 18 young (36864K), 1 survivors (2048K)
 Metaspace       used 30049K, committed 30336K, reserved 1081344K
  class space    used 3895K, committed 4032K, reserved 1048576K
}
Event: 1,799 GC heap after
{Heap after GC invocations=9 (full 0):
 garbage-first heap   total 215040K, used 20646K [0x0000000708800000, 0x0000000800000000)
  region size 2048K, 2 young (4096K), 2 survivors (4096K)
 Metaspace       used 30049K, committed 30336K, reserved 1081344K
  class space    used 3895K, committed 4032K, reserved 1048576K
}

