# JRE version: Java(TM) SE Runtime Environment (17.0.1+12) (build 17.0.1+12-LTS-39)
# Java VM: Java HotSpot(TM) 64-Bit Server VM (17.0.1+12-LTS-39, mixed mode, emulated-client, sharing, tiered, compressed oops, compressed class ptrs, g1 gc, linux-amd64)
GC Precious Log:
 CPUs: 12 total, 12 available
 Memory: 15835M
 Large Page Support: Disabled
 NUMA Support: Disabled
 Compressed Oops: Enabled (Zero based)
 Heap Region Size: 2M
 Heap Min Capacity: 8M
 Heap Initial Capacity: 248M
 Heap Max Capacity: 3960M
 Pre-touch: Disabled
 Parallel Workers: 10
 Concurrent Workers: 3
 Concurrent Refinement Workers: 10
 Periodic GC: Disabled
Heap:
 garbage-first heap   total 122880K, used 51340K [0x0000000708800000, 0x0000000800000000)
  region size 2048K, 19 young (38912K), 1 survivors (2048K)
 Metaspace       used 29955K, committed 30272K, reserved 1081344K
  class space    used 4128K, committed 4288K, reserved 1048576K
GC Heap History (14 events):
Event: 0,486 GC heap before
{Heap before GC invocations=0 (full 0):
 garbage-first heap   total 258048K, used 24548K [0x0000000708800000, 0x0000000800000000)
  region size 2048K, 11 young (22528K), 0 survivors (0K)
 Metaspace       used 6466K, committed 6592K, reserved 1056768K
  class space    used 785K, committed 832K, reserved 1048576K
}
Event: 0,489 GC heap after
{Heap after GC invocations=1 (full 0):
 garbage-first heap   total 258048K, used 8022K [0x0000000708800000, 0x0000000800000000)
  region size 2048K, 2 young (4096K), 2 survivors (4096K)
 Metaspace       used 6466K, committed 6592K, reserved 1056768K
  class space    used 785K, committed 832K, reserved 1048576K
}
Event: 0,838 GC heap before
{Heap before GC invocations=1 (full 0):
 garbage-first heap   total 258048K, used 36694K [0x0000000708800000, 0x0000000800000000)
  region size 2048K, 17 young (34816K), 2 survivors (4096K)
 Metaspace       used 11358K, committed 11648K, reserved 1064960K
  class space    used 1549K, committed 1664K, reserved 1048576K
}
Event: 0,841 GC heap after
{Heap after GC invocations=2 (full 0):
 garbage-first heap   total 258048K, used 10546K [0x0000000708800000, 0x0000000800000000)
  region size 2048K, 2 young (4096K), 2 survivors (4096K)
 Metaspace       used 11358K, committed 11648K, reserved 1064960K
  class space    used 1549K, committed 1664K, reserved 1048576K
}
Event: 1,023 GC heap before
{Heap before GC invocations=2 (full 0):
 garbage-first heap   total 258048K, used 76082K [0x0000000708800000, 0x0000000800000000)
  region size 2048K, 35 young (71680K), 2 survivors (4096K)
 Metaspace       used 19071K, committed 19328K, reserved 1073152K
  class space    used 2579K, committed 2752K, reserved 1048576K
}
Event: 1,026 GC heap after
{Heap after GC invocations=3 (full 0):
 garbage-first heap   total 258048K, used 13142K [0x0000000708800000, 0x0000000800000000)
  region size 2048K, 3 young (6144K), 3 survivors (6144K)
 Metaspace       used 19071K, committed 19328K, reserved 1073152K
  class space    used 2579K, committed 2752K, reserved 1048576K
}
Event: 1,193 GC heap before
{Heap before GC invocations=3 (full 0):
 garbage-first heap   total 258048K, used 52054K [0x0000000708800000, 0x0000000800000000)
  region size 2048K, 24 young (49152K), 3 survivors (6144K)
 Metaspace       used 21222K, committed 21504K, reserved 1073152K
  class space    used 2913K, committed 3072K, reserved 1048576K
}
Event: 1,196 GC heap after
{Heap after GC invocations=4 (full 0):
 garbage-first heap   total 258048K, used 14282K [0x0000000708800000, 0x0000000800000000)
  region size 2048K, 4 young (8192K), 4 survivors (8192K)
 Metaspace       used 21222K, committed 21504K, reserved 1073152K
  class space    used 2913K, committed 3072K, reserved 1048576K
}
Event: 1,497 GC heap before
{Heap before GC invocations=5 (full 0):
 garbage-first heap   total 69632K, used 51146K [0x0000000708800000, 0x0000000800000000)
  region size 2048K, 23 young (47104K), 4 survivors (8192K)
 Metaspace       used 26013K, committed 26304K, reserved 1073152K
  class space    used 3603K, committed 3712K, reserved 1048576K
}
Event: 1,503 GC heap after
{Heap after GC invocations=6 (full 0):
 garbage-first heap   total 69632K, used 17269K [0x0000000708800000, 0x0000000800000000)
  region size 2048K, 3 young (6144K), 3 survivors (6144K)
 Metaspace       used 26013K, committed 26304K, reserved 1073152K
  class space    used 3603K, committed 3712K, reserved 1048576K
}
Event: 1,516 GC heap before
{Heap before GC invocations=6 (full 0):
 garbage-first heap   total 69632K, used 19317K [0x0000000708800000, 0x0000000800000000)
  region size 2048K, 4 young (8192K), 3 survivors (6144K)
 Metaspace       used 26731K, committed 27008K, reserved 1073152K
  class space    used 3698K, committed 3840K, reserved 1048576K
}
Event: 1,520 GC heap after
{Heap after GC invocations=7 (full 0):
 garbage-first heap   total 69632K, used 17724K [0x0000000708800000, 0x0000000800000000)
  region size 2048K, 1 young (2048K), 1 survivors (2048K)
 Metaspace       used 26731K, committed 27008K, reserved 1073152K
  class space    used 3698K, committed 3840K, reserved 1048576K
}
Event: 1,624 GC heap before
{Heap before GC invocations=7 (full 0):
 garbage-first heap   total 69632K, used 44348K [0x0000000708800000, 0x0000000800000000)
  region size 2048K, 15 young (30720K), 1 survivors (2048K)
 Metaspace       used 29171K, committed 29504K, reserved 1081344K
  class space    used 4013K, committed 4160K, reserved 1048576K
}
Event: 1,628 GC heap after
{Heap after GC invocations=8 (full 0):
 garbage-first heap   total 122880K, used 18572K [0x0000000708800000, 0x0000000800000000)
  region size 2048K, 1 young (2048K), 1 survivors (2048K)
 Metaspace       used 29171K, committed 29504K, reserved 1081344K
  class space    used 4013K, committed 4160K, reserved 1048576K
}

