# JRE version: Java(TM) SE Runtime Environment (17.0.1+12) (build 17.0.1+12-LTS-39)
# Java VM: Java HotSpot(TM) 64-Bit Server VM (17.0.1+12-LTS-39, mixed mode, sharing, tiered, compressed oops, compressed class ptrs, g1 gc, linux-amd64)
GC Precious Log:
 CPUs: 12 total, 12 available
 Memory: 15835M
 Large Page Support: Disabled
 NUMA Support: Disabled
 Compressed Oops: Enabled (Zero based)
 Heap Region Size: 2M
 Heap Min Capacity: 8M
 Heap Initial Capacity: 248M
 Heap Max Capacity: 3960M
 Pre-touch: Disabled
 Parallel Workers: 10
 Concurrent Workers: 3
 Concurrent Refinement Workers: 10
 Periodic GC: Disabled
Heap:
 garbage-first heap   total 253952K, used 99915K [0x0000000708800000, 0x0000000800000000)
  region size 2048K, 20 young (40960K), 7 survivors (14336K)
 Metaspace       used 74574K, committed 75072K, reserved 1114112K
  class space    used 9728K, committed 9984K, reserved 1048576K
GC Heap History (20 events):
Event: 3,031 GC heap before
{Heap before GC invocations=11 (full 0):
 garbage-first heap   total 102400K, used 26596K [0x0000000708800000, 0x0000000800000000)
  region size 2048K, 5 young (10240K), 4 survivors (8192K)
 Metaspace       used 38273K, committed 38592K, reserved 1089536K
  class space    used 4968K, committed 5120K, reserved 1048576K
}
Event: 3,041 GC heap after
{Heap after GC invocations=12 (full 0):
 garbage-first heap   total 102400K, used 26549K [0x0000000708800000, 0x0000000800000000)
  region size 2048K, 1 young (2048K), 1 survivors (2048K)
 Metaspace       used 38273K, committed 38592K, reserved 1089536K
  class space    used 4968K, committed 5120K, reserved 1048576K
}
Event: 3,455 GC heap before
{Heap before GC invocations=12 (full 0):
 garbage-first heap   total 102400K, used 75701K [0x0000000708800000, 0x0000000800000000)
  region size 2048K, 25 young (51200K), 1 survivors (2048K)
 Metaspace       used 42925K, committed 43328K, reserved 1089536K
  class space    used 5643K, committed 5824K, reserved 1048576K
}
Event: 3,457 GC heap after
{Heap after GC invocations=13 (full 0):
 garbage-first heap   total 307200K, used 29667K [0x0000000708800000, 0x0000000800000000)
  region size 2048K, 2 young (4096K), 2 survivors (4096K)
 Metaspace       used 42925K, committed 43328K, reserved 1089536K
  class space    used 5643K, committed 5824K, reserved 1048576K
}
Event: 4,408 GC heap before
{Heap before GC invocations=13 (full 0):
 garbage-first heap   total 307200K, used 117731K [0x0000000708800000, 0x0000000800000000)
  region size 2048K, 46 young (94208K), 2 survivors (4096K)
 Metaspace       used 60031K, committed 60416K, reserved 1105920K
  class space    used 7999K, committed 8192K, reserved 1048576K
}
Event: 4,414 GC heap after
{Heap after GC invocations=14 (full 0):
 garbage-first heap   total 307200K, used 34154K [0x0000000708800000, 0x0000000800000000)
  region size 2048K, 5 young (10240K), 5 survivors (10240K)
 Metaspace       used 60031K, committed 60416K, reserved 1105920K
  class space    used 7999K, committed 8192K, reserved 1048576K
}
Event: 5,026 GC heap before
{Heap before GC invocations=15 (full 0):
 garbage-first heap   total 143360K, used 109930K [0x0000000708800000, 0x0000000800000000)
  region size 2048K, 42 young (86016K), 5 survivors (10240K)
 Metaspace       used 63368K, committed 63744K, reserved 1105920K
  class space    used 8475K, committed 8640K, reserved 1048576K
}
Event: 5,030 GC heap after
{Heap after GC invocations=16 (full 0):
 garbage-first heap   total 143360K, used 38494K [0x0000000708800000, 0x0000000800000000)
  region size 2048K, 5 young (10240K), 5 survivors (10240K)
 Metaspace       used 63368K, committed 63744K, reserved 1105920K
  class space    used 8475K, committed 8640K, reserved 1048576K
}
Event: 5,050 GC heap before
{Heap before GC invocations=16 (full 0):
 garbage-first heap   total 143360K, used 42590K [0x0000000708800000, 0x0000000800000000)
  region size 2048K, 7 young (14336K), 5 survivors (10240K)
 Metaspace       used 63428K, committed 63808K, reserved 1105920K
  class space    used 8478K, committed 8640K, reserved 1048576K
}
Event: 5,055 GC heap after
{Heap after GC invocations=17 (full 0):
 garbage-first heap   total 143360K, used 39708K [0x0000000708800000, 0x0000000800000000)
  region size 2048K, 1 young (2048K), 1 survivors (2048K)
 Metaspace       used 63428K, committed 63808K, reserved 1105920K
  class space    used 8478K, committed 8640K, reserved 1048576K
}
Event: 5,437 GC heap before
{Heap before GC invocations=17 (full 0):
 garbage-first heap   total 143360K, used 109340K [0x0000000708800000, 0x0000000800000000)
  region size 2048K, 35 young (71680K), 1 survivors (2048K)
 Metaspace       used 66634K, committed 67072K, reserved 1114112K
  class space    used 8839K, committed 9088K, reserved 1048576K
}
Event: 5,448 GC heap after
{Heap after GC invocations=18 (full 0):
 garbage-first heap   total 143360K, used 50923K [0x0000000708800000, 0x0000000800000000)
  region size 2048K, 5 young (10240K), 5 survivors (10240K)
 Metaspace       used 66634K, committed 67072K, reserved 1114112K
  class space    used 8839K, committed 9088K, reserved 1048576K
}
Event: 5,918 GC heap before
{Heap before GC invocations=18 (full 0):
 garbage-first heap   total 143360K, used 104171K [0x0000000708800000, 0x0000000800000000)
  region size 2048K, 32 young (65536K), 5 survivors (10240K)
 Metaspace       used 68674K, committed 69120K, reserved 1114112K
  class space    used 9081K, committed 9344K, reserved 1048576K
}
Event: 5,927 GC heap after
{Heap after GC invocations=19 (full 0):
 garbage-first heap   total 143360K, used 59779K [0x0000000708800000, 0x0000000800000000)
  region size 2048K, 4 young (8192K), 4 survivors (8192K)
 Metaspace       used 68674K, committed 69120K, reserved 1114112K
  class space    used 9081K, committed 9344K, reserved 1048576K
}
Event: 6,310 GC heap before
{Heap before GC invocations=19 (full 0):
 garbage-first heap   total 143360K, used 102787K [0x0000000708800000, 0x0000000800000000)
  region size 2048K, 26 young (53248K), 4 survivors (8192K)
 Metaspace       used 73794K, committed 74304K, reserved 1114112K
  class space    used 9714K, committed 9984K, reserved 1048576K
}
Event: 6,317 GC heap after
{Heap after GC invocations=20 (full 0):
 garbage-first heap   total 143360K, used 64976K [0x0000000708800000, 0x0000000800000000)
  region size 2048K, 3 young (6144K), 3 survivors (6144K)
 Metaspace       used 73794K, committed 74304K, reserved 1114112K
  class space    used 9714K, committed 9984K, reserved 1048576K
}
Event: 6,705 GC heap before
{Heap before GC invocations=20 (full 0):
 garbage-first heap   total 143360K, used 107984K [0x0000000708800000, 0x0000000800000000)
  region size 2048K, 24 young (49152K), 3 survivors (6144K)
 Metaspace       used 74018K, committed 74496K, reserved 1114112K
  class space    used 9717K, committed 9984K, reserved 1048576K
}
Event: 6,710 GC heap after
{Heap after GC invocations=21 (full 0):
 garbage-first heap   total 253952K, used 68801K [0x0000000708800000, 0x0000000800000000)
  region size 2048K, 2 young (4096K), 2 survivors (4096K)
 Metaspace       used 74018K, committed 74496K, reserved 1114112K
  class space    used 9717K, committed 9984K, reserved 1048576K
}
Event: 7,335 GC heap before
{Heap before GC invocations=21 (full 0):
 garbage-first heap   total 253952K, used 183489K [0x0000000708800000, 0x0000000800000000)
  region size 2048K, 58 young (118784K), 2 survivors (4096K)
 Metaspace       used 74569K, committed 75072K, reserved 1114112K
  class space    used 9728K, committed 9984K, reserved 1048576K
}
Event: 7,342 GC heap after
{Heap after GC invocations=22 (full 0):
 garbage-first heap   total 253952K, used 77387K [0x0000000708800000, 0x0000000800000000)
  region size 2048K, 7 young (14336K), 7 survivors (14336K)
 Metaspace       used 74569K, committed 75072K, reserved 1114112K
  class space    used 9728K, committed 9984K, reserved 1048576K
}

